2019-05-22 20:13:31.712  INFO 13776 --- [main] c.m.n.NumberConverterApiApplication      : Starting NumberConverterApiApplication on MARCUSFODA with PID 13776 (E:\Desenvolvimento\Backend\number-converter-api\target\classes started by Marcus in E:\Desenvolvimento\Backend\number-converter-api)
2019-05-22 20:13:31.716  INFO 13776 --- [main] c.m.n.NumberConverterApiApplication      : No active profile set, falling back to default profiles: default
2019-05-22 20:13:32.986  INFO 13776 --- [main] o.s.b.w.embedded.tomcat.TomcatWebServer  : Tomcat initialized with port(s): 8080 (http)
2019-05-22 20:13:33.012  INFO 13776 --- [main] o.apache.catalina.core.StandardService   : Starting service [Tomcat]
2019-05-22 20:13:33.013  INFO 13776 --- [main] org.apache.catalina.core.StandardEngine  : Starting Servlet engine: [Apache Tomcat/9.0.19]
2019-05-22 20:13:33.186  INFO 13776 --- [main] o.a.c.c.C.[Tomcat].[localhost].[/]       : Initializing Spring embedded WebApplicationContext
2019-05-22 20:13:33.187  INFO 13776 --- [main] o.s.web.context.ContextLoader            : Root WebApplicationContext: initialization completed in 1442 ms
2019-05-22 20:13:33.656  INFO 13776 --- [main] o.s.s.concurrent.ThreadPoolTaskExecutor  : Initializing ExecutorService 'applicationTaskExecutor'
2019-05-22 20:13:33.952  INFO 13776 --- [main] o.s.b.w.embedded.tomcat.TomcatWebServer  : Tomcat started on port(s): 8080 (http) with context path ''
2019-05-22 20:13:33.955  INFO 13776 --- [main] c.m.n.NumberConverterApiApplication      : Started NumberConverterApiApplication in 2.678 seconds (JVM running for 3.696)
2019-05-22 20:15:35.497  INFO 13776 --- [http-nio-8080-exec-2] o.a.c.c.C.[Tomcat].[localhost].[/]       : Initializing Spring DispatcherServlet 'dispatcherServlet'
2019-05-22 20:15:35.498  INFO 13776 --- [http-nio-8080-exec-2] o.s.web.servlet.DispatcherServlet        : Initializing Servlet 'dispatcherServlet'
2019-05-22 20:15:35.517  INFO 13776 --- [http-nio-8080-exec-2] o.s.web.servlet.DispatcherServlet        : Completed initialization in 19 ms
2019-05-22 20:15:35.741  INFO 13776 --- [http-nio-8080-exec-2] c.m.n.s.DecimalToRomanConverterService   : Converted DECIMAL value 1234 to roman numeral MCCXXXIV
2019-05-22 20:16:42.635  INFO 10872 --- [main] c.m.n.NumberConverterApiApplication      : Starting NumberConverterApiApplication on MARCUSFODA with PID 10872 (E:\Desenvolvimento\Backend\number-converter-api\target\classes started by Marcus in E:\Desenvolvimento\Backend\number-converter-api)
2019-05-22 20:16:42.637  INFO 10872 --- [main] c.m.n.NumberConverterApiApplication      : No active profile set, falling back to default profiles: default
2019-05-22 20:16:43.945  INFO 10872 --- [main] o.s.b.w.embedded.tomcat.TomcatWebServer  : Tomcat initialized with port(s): 8080 (http)
2019-05-22 20:16:43.963  INFO 10872 --- [main] o.apache.catalina.core.StandardService   : Starting service [Tomcat]
2019-05-22 20:16:43.963  INFO 10872 --- [main] org.apache.catalina.core.StandardEngine  : Starting Servlet engine: [Apache Tomcat/9.0.19]
2019-05-22 20:16:44.046  INFO 10872 --- [main] o.a.c.c.C.[Tomcat].[localhost].[/]       : Initializing Spring embedded WebApplicationContext
2019-05-22 20:16:44.047  INFO 10872 --- [main] o.s.web.context.ContextLoader            : Root WebApplicationContext: initialization completed in 1364 ms
2019-05-22 20:16:44.232  INFO 10872 --- [main] o.s.s.concurrent.ThreadPoolTaskExecutor  : Initializing ExecutorService 'applicationTaskExecutor'
2019-05-22 20:16:44.402  INFO 10872 --- [main] o.s.b.w.embedded.tomcat.TomcatWebServer  : Tomcat started on port(s): 8080 (http) with context path ''
2019-05-22 20:16:44.407  INFO 10872 --- [main] c.m.n.NumberConverterApiApplication      : Started NumberConverterApiApplication in 2.078 seconds (JVM running for 2.853)
2019-05-22 20:16:52.554  INFO 10872 --- [http-nio-8080-exec-2] o.a.c.c.C.[Tomcat].[localhost].[/]       : Initializing Spring DispatcherServlet 'dispatcherServlet'
2019-05-22 20:16:52.554  INFO 10872 --- [http-nio-8080-exec-2] o.s.web.servlet.DispatcherServlet        : Initializing Servlet 'dispatcherServlet'
2019-05-22 20:16:52.558  INFO 10872 --- [http-nio-8080-exec-2] o.s.web.servlet.DispatcherServlet        : Completed initialization in 4 ms
2019-05-22 20:16:52.642  INFO 10872 --- [http-nio-8080-exec-2] c.m.n.s.DecimalToRomanConverterService   : Converted DECIMAL value 1234 to roman numeral MCCXXXIV
2019-05-22 20:16:57.960  INFO 10872 --- [http-nio-8080-exec-3] c.m.n.s.DecimalToRomanConverterService   : Converted DECIMAL value 1 to roman numeral I
2019-05-22 20:17:00.799  INFO 10872 --- [http-nio-8080-exec-4] c.m.n.s.DecimalToRomanConverterService   : Converted DECIMAL value 2 to roman numeral II
2019-05-22 20:17:07.897  INFO 10872 --- [http-nio-8080-exec-5] c.m.n.s.BinaryToRomanConverterService    : Converted BINARY value 0011 to roman numeral III
2019-05-22 20:17:37.325  INFO 10872 --- [http-nio-8080-exec-8] c.m.n.s.DecimalToRomanConverterService   : Converted DECIMAL value 3888 to roman numeral MMMDCCCLXXXVIII
2019-05-22 20:18:36.250  INFO 14040 --- [main] c.m.n.NumberConverterApiApplication      : Starting NumberConverterApiApplication on MARCUSFODA with PID 14040 (E:\Desenvolvimento\Backend\number-converter-api\target\classes started by Marcus in E:\Desenvolvimento\Backend\number-converter-api)
2019-05-22 20:18:36.253  INFO 14040 --- [main] c.m.n.NumberConverterApiApplication      : No active profile set, falling back to default profiles: default
2019-05-22 20:18:37.442  INFO 14040 --- [main] o.s.b.w.embedded.tomcat.TomcatWebServer  : Tomcat initialized with port(s): 8080 (http)
2019-05-22 20:18:37.464  INFO 14040 --- [main] o.apache.catalina.core.StandardService   : Starting service [Tomcat]
2019-05-22 20:18:37.464  INFO 14040 --- [main] org.apache.catalina.core.StandardEngine  : Starting Servlet engine: [Apache Tomcat/9.0.19]
2019-05-22 20:18:37.539  INFO 14040 --- [main] o.a.c.c.C.[Tomcat].[localhost].[/]       : Initializing Spring embedded WebApplicationContext
2019-05-22 20:18:37.539  INFO 14040 --- [main] o.s.web.context.ContextLoader            : Root WebApplicationContext: initialization completed in 1241 ms
2019-05-22 20:18:37.779  INFO 14040 --- [main] o.s.s.concurrent.ThreadPoolTaskExecutor  : Initializing ExecutorService 'applicationTaskExecutor'
2019-05-22 20:18:37.922  INFO 14040 --- [main] o.s.b.w.embedded.tomcat.TomcatWebServer  : Tomcat started on port(s): 8080 (http) with context path ''
2019-05-22 20:18:37.925  INFO 14040 --- [main] c.m.n.NumberConverterApiApplication      : Started NumberConverterApiApplication in 2.002 seconds (JVM running for 2.806)
2019-05-22 20:19:16.447  INFO 14040 --- [http-nio-8080-exec-2] o.a.c.c.C.[Tomcat].[localhost].[/]       : Initializing Spring DispatcherServlet 'dispatcherServlet'
2019-05-22 20:19:16.447  INFO 14040 --- [http-nio-8080-exec-2] o.s.web.servlet.DispatcherServlet        : Initializing Servlet 'dispatcherServlet'
2019-05-22 20:19:16.452  INFO 14040 --- [http-nio-8080-exec-2] o.s.web.servlet.DispatcherServlet        : Completed initialization in 4 ms
2019-05-22 20:19:16.527  INFO 14040 --- [http-nio-8080-exec-2] c.m.n.s.DecimalToRomanConverterService   : Converted DECIMAL value 3888 to roman numeral MMMDCCCLXXXVIII
2019-05-22 20:19:21.705  INFO 14040 --- [http-nio-8080-exec-3] c.m.n.s.DecimalToRomanConverterService   : Converted DECIMAL value 3888 to roman numeral MMMDCCCLXXXVIII
2019-05-22 20:19:32.513  INFO 14040 --- [http-nio-8080-exec-4] c.m.n.s.DecimalToRomanConverterService   : Converted DECIMAL value 3888 to roman numeral MMMDCCCLXXXVIII
2019-05-22 20:19:32.917  INFO 14040 --- [http-nio-8080-exec-5] c.m.n.s.DecimalToRomanConverterService   : Converted DECIMAL value 3888 to roman numeral MMMDCCCLXXXVIII
2019-05-22 20:19:33.288  INFO 14040 --- [http-nio-8080-exec-7] c.m.n.s.DecimalToRomanConverterService   : Converted DECIMAL value 3888 to roman numeral MMMDCCCLXXXVIII
2019-05-22 20:19:51.286  WARN 14040 --- [http-nio-8080-exec-6] .w.s.m.s.DefaultHandlerExceptionResolver : Resolved [org.springframework.validation.BindException: org.springframework.validation.BeanPropertyBindingResult: 1 errors
Field error in object 'numberConversionDto' on field 'numberType': rejected value [null]; codes [NotNull.numberConversionDto.numberType,NotNull.numberType,NotNull.coregio.marcus.numberconverterapi.enums.NumberType,NotNull]; arguments [org.springframework.context.support.DefaultMessageSourceResolvable: codes [numberConversionDto.numberType,numberType]; arguments []; default message [numberType]]; default message [não pode ser nulo]]
2019-05-22 20:19:56.048  INFO 14040 --- [http-nio-8080-exec-8] c.m.n.s.DecimalToRomanConverterService   : Converted DECIMAL value 3888 to roman numeral MMMDCCCLXXXVIII
2019-05-22 20:27:36.789  INFO 7328 --- [main] c.m.n.NumberConverterApiApplication      : Starting NumberConverterApiApplication on MARCUSFODA with PID 7328 (E:\Desenvolvimento\Backend\number-converter-api\target\classes started by Marcus in E:\Desenvolvimento\Backend\number-converter-api)
2019-05-22 20:27:36.791  INFO 7328 --- [main] c.m.n.NumberConverterApiApplication      : No active profile set, falling back to default profiles: default
2019-05-22 20:27:37.750  INFO 7328 --- [main] o.s.b.w.embedded.tomcat.TomcatWebServer  : Tomcat initialized with port(s): 8080 (http)
2019-05-22 20:27:37.768  INFO 7328 --- [main] o.apache.catalina.core.StandardService   : Starting service [Tomcat]
2019-05-22 20:27:37.768  INFO 7328 --- [main] org.apache.catalina.core.StandardEngine  : Starting Servlet engine: [Apache Tomcat/9.0.19]
2019-05-22 20:27:37.849  INFO 7328 --- [main] o.a.c.c.C.[Tomcat].[localhost].[/]       : Initializing Spring embedded WebApplicationContext
2019-05-22 20:27:37.850  INFO 7328 --- [main] o.s.web.context.ContextLoader            : Root WebApplicationContext: initialization completed in 1017 ms
2019-05-22 20:27:38.018  INFO 7328 --- [main] o.s.s.concurrent.ThreadPoolTaskExecutor  : Initializing ExecutorService 'applicationTaskExecutor'
2019-05-22 20:27:38.169  INFO 7328 --- [main] o.s.b.w.embedded.tomcat.TomcatWebServer  : Tomcat started on port(s): 8080 (http) with context path ''
2019-05-22 20:27:38.172  INFO 7328 --- [main] c.m.n.NumberConverterApiApplication      : Started NumberConverterApiApplication in 1.662 seconds (JVM running for 2.274)
2019-05-22 20:27:51.616  INFO 7328 --- [http-nio-8080-exec-2] o.a.c.c.C.[Tomcat].[localhost].[/]       : Initializing Spring DispatcherServlet 'dispatcherServlet'
2019-05-22 20:27:51.616  INFO 7328 --- [http-nio-8080-exec-2] o.s.web.servlet.DispatcherServlet        : Initializing Servlet 'dispatcherServlet'
2019-05-22 20:27:51.620  INFO 7328 --- [http-nio-8080-exec-2] o.s.web.servlet.DispatcherServlet        : Completed initialization in 4 ms
2019-05-22 20:27:51.701 ERROR 7328 --- [http-nio-8080-exec-2] o.a.c.c.C.[.[.[/].[dispatcherServlet]    : Servlet.service() for servlet [dispatcherServlet] in context with path [] threw exception [Request processing failed; nested exception is org.springframework.beans.factory.NoSuchBeanDefinitionException: No bean named 'hexadecimalToRomanConverter' available] with root cause

org.springframework.beans.factory.NoSuchBeanDefinitionException: No bean named 'hexadecimalToRomanConverter' available
	at org.springframework.beans.factory.support.DefaultListableBeanFactory.getBeanDefinition(DefaultListableBeanFactory.java:769) ~[spring-beans-5.1.7.RELEASE.jar:5.1.7.RELEASE]
	at org.springframework.beans.factory.support.AbstractBeanFactory.getMergedLocalBeanDefinition(AbstractBeanFactory.java:1221) ~[spring-beans-5.1.7.RELEASE.jar:5.1.7.RELEASE]
	at org.springframework.beans.factory.support.AbstractBeanFactory.doGetBean(AbstractBeanFactory.java:294) ~[spring-beans-5.1.7.RELEASE.jar:5.1.7.RELEASE]
	at org.springframework.beans.factory.support.AbstractBeanFactory.getBean(AbstractBeanFactory.java:199) ~[spring-beans-5.1.7.RELEASE.jar:5.1.7.RELEASE]
	at org.springframework.context.support.AbstractApplicationContext.getBean(AbstractApplicationContext.java:1105) ~[spring-context-5.1.7.RELEASE.jar:5.1.7.RELEASE]
	at coregio.marcus.numberconverterapi.controller.NumberConverterController.getNumberConverterService(NumberConverterController.java:32) ~[classes/:na]
	at coregio.marcus.numberconverterapi.controller.NumberConverterController.convertToRomanNumeral(NumberConverterController.java:25) ~[classes/:na]
	at sun.reflect.NativeMethodAccessorImpl.invoke0(Native Method) ~[na:1.8.0_171]
	at sun.reflect.NativeMethodAccessorImpl.invoke(NativeMethodAccessorImpl.java:62) ~[na:1.8.0_171]
	at sun.reflect.DelegatingMethodAccessorImpl.invoke(DelegatingMethodAccessorImpl.java:43) ~[na:1.8.0_171]
	at java.lang.reflect.Method.invoke(Method.java:498) ~[na:1.8.0_171]
	at org.springframework.web.method.support.InvocableHandlerMethod.doInvoke(InvocableHandlerMethod.java:190) ~[spring-web-5.1.7.RELEASE.jar:5.1.7.RELEASE]
	at org.springframework.web.method.support.InvocableHandlerMethod.invokeForRequest(InvocableHandlerMethod.java:138) ~[spring-web-5.1.7.RELEASE.jar:5.1.7.RELEASE]
	at org.springframework.web.servlet.mvc.method.annotation.ServletInvocableHandlerMethod.invokeAndHandle(ServletInvocableHandlerMethod.java:104) ~[spring-webmvc-5.1.7.RELEASE.jar:5.1.7.RELEASE]
	at org.springframework.web.servlet.mvc.method.annotation.RequestMappingHandlerAdapter.invokeHandlerMethod(RequestMappingHandlerAdapter.java:892) ~[spring-webmvc-5.1.7.RELEASE.jar:5.1.7.RELEASE]
	at org.springframework.web.servlet.mvc.method.annotation.RequestMappingHandlerAdapter.handleInternal(RequestMappingHandlerAdapter.java:797) ~[spring-webmvc-5.1.7.RELEASE.jar:5.1.7.RELEASE]
	at org.springframework.web.servlet.mvc.method.AbstractHandlerMethodAdapter.handle(AbstractHandlerMethodAdapter.java:87) ~[spring-webmvc-5.1.7.RELEASE.jar:5.1.7.RELEASE]
	at org.springframework.web.servlet.DispatcherServlet.doDispatch(DispatcherServlet.java:1039) ~[spring-webmvc-5.1.7.RELEASE.jar:5.1.7.RELEASE]
	at org.springframework.web.servlet.DispatcherServlet.doService(DispatcherServlet.java:942) ~[spring-webmvc-5.1.7.RELEASE.jar:5.1.7.RELEASE]
	at org.springframework.web.servlet.FrameworkServlet.processRequest(FrameworkServlet.java:1005) ~[spring-webmvc-5.1.7.RELEASE.jar:5.1.7.RELEASE]
	at org.springframework.web.servlet.FrameworkServlet.doGet(FrameworkServlet.java:897) ~[spring-webmvc-5.1.7.RELEASE.jar:5.1.7.RELEASE]
	at javax.servlet.http.HttpServlet.service(HttpServlet.java:634) ~[tomcat-embed-core-9.0.19.jar:9.0.19]
	at org.springframework.web.servlet.FrameworkServlet.service(FrameworkServlet.java:882) ~[spring-webmvc-5.1.7.RELEASE.jar:5.1.7.RELEASE]
	at javax.servlet.http.HttpServlet.service(HttpServlet.java:741) ~[tomcat-embed-core-9.0.19.jar:9.0.19]
	at org.apache.catalina.core.ApplicationFilterChain.internalDoFilter(ApplicationFilterChain.java:231) ~[tomcat-embed-core-9.0.19.jar:9.0.19]
	at org.apache.catalina.core.ApplicationFilterChain.doFilter(ApplicationFilterChain.java:166) ~[tomcat-embed-core-9.0.19.jar:9.0.19]
	at org.apache.tomcat.websocket.server.WsFilter.doFilter(WsFilter.java:53) ~[tomcat-embed-websocket-9.0.19.jar:9.0.19]
	at org.apache.catalina.core.ApplicationFilterChain.internalDoFilter(ApplicationFilterChain.java:193) ~[tomcat-embed-core-9.0.19.jar:9.0.19]
	at org.apache.catalina.core.ApplicationFilterChain.doFilter(ApplicationFilterChain.java:166) ~[tomcat-embed-core-9.0.19.jar:9.0.19]
	at org.springframework.web.filter.RequestContextFilter.doFilterInternal(RequestContextFilter.java:99) ~[spring-web-5.1.7.RELEASE.jar:5.1.7.RELEASE]
	at org.springframework.web.filter.OncePerRequestFilter.doFilter(OncePerRequestFilter.java:107) ~[spring-web-5.1.7.RELEASE.jar:5.1.7.RELEASE]
	at org.apache.catalina.core.ApplicationFilterChain.internalDoFilter(ApplicationFilterChain.java:193) ~[tomcat-embed-core-9.0.19.jar:9.0.19]
	at org.apache.catalina.core.ApplicationFilterChain.doFilter(ApplicationFilterChain.java:166) ~[tomcat-embed-core-9.0.19.jar:9.0.19]
	at org.springframework.web.filter.FormContentFilter.doFilterInternal(FormContentFilter.java:92) ~[spring-web-5.1.7.RELEASE.jar:5.1.7.RELEASE]
	at org.springframework.web.filter.OncePerRequestFilter.doFilter(OncePerRequestFilter.java:107) ~[spring-web-5.1.7.RELEASE.jar:5.1.7.RELEASE]
	at org.apache.catalina.core.ApplicationFilterChain.internalDoFilter(ApplicationFilterChain.java:193) ~[tomcat-embed-core-9.0.19.jar:9.0.19]
	at org.apache.catalina.core.ApplicationFilterChain.doFilter(ApplicationFilterChain.java:166) ~[tomcat-embed-core-9.0.19.jar:9.0.19]
	at org.springframework.web.filter.HiddenHttpMethodFilter.doFilterInternal(HiddenHttpMethodFilter.java:93) ~[spring-web-5.1.7.RELEASE.jar:5.1.7.RELEASE]
	at org.springframework.web.filter.OncePerRequestFilter.doFilter(OncePerRequestFilter.java:107) ~[spring-web-5.1.7.RELEASE.jar:5.1.7.RELEASE]
	at org.apache.catalina.core.ApplicationFilterChain.internalDoFilter(ApplicationFilterChain.java:193) ~[tomcat-embed-core-9.0.19.jar:9.0.19]
	at org.apache.catalina.core.ApplicationFilterChain.doFilter(ApplicationFilterChain.java:166) ~[tomcat-embed-core-9.0.19.jar:9.0.19]
	at org.springframework.web.filter.CharacterEncodingFilter.doFilterInternal(CharacterEncodingFilter.java:200) ~[spring-web-5.1.7.RELEASE.jar:5.1.7.RELEASE]
	at org.springframework.web.filter.OncePerRequestFilter.doFilter(OncePerRequestFilter.java:107) ~[spring-web-5.1.7.RELEASE.jar:5.1.7.RELEASE]
	at org.apache.catalina.core.ApplicationFilterChain.internalDoFilter(ApplicationFilterChain.java:193) ~[tomcat-embed-core-9.0.19.jar:9.0.19]
	at org.apache.catalina.core.ApplicationFilterChain.doFilter(ApplicationFilterChain.java:166) ~[tomcat-embed-core-9.0.19.jar:9.0.19]
	at org.apache.catalina.core.StandardWrapperValve.invoke(StandardWrapperValve.java:200) ~[tomcat-embed-core-9.0.19.jar:9.0.19]
	at org.apache.catalina.core.StandardContextValve.invoke(StandardContextValve.java:96) [tomcat-embed-core-9.0.19.jar:9.0.19]
	at org.apache.catalina.authenticator.AuthenticatorBase.invoke(AuthenticatorBase.java:490) [tomcat-embed-core-9.0.19.jar:9.0.19]
	at org.apache.catalina.core.StandardHostValve.invoke(StandardHostValve.java:139) [tomcat-embed-core-9.0.19.jar:9.0.19]
	at org.apache.catalina.valves.ErrorReportValve.invoke(ErrorReportValve.java:92) [tomcat-embed-core-9.0.19.jar:9.0.19]
	at org.apache.catalina.core.StandardEngineValve.invoke(StandardEngineValve.java:74) [tomcat-embed-core-9.0.19.jar:9.0.19]
	at org.apache.catalina.connector.CoyoteAdapter.service(CoyoteAdapter.java:343) [tomcat-embed-core-9.0.19.jar:9.0.19]
	at org.apache.coyote.http11.Http11Processor.service(Http11Processor.java:408) [tomcat-embed-core-9.0.19.jar:9.0.19]
	at org.apache.coyote.AbstractProcessorLight.process(AbstractProcessorLight.java:66) [tomcat-embed-core-9.0.19.jar:9.0.19]
	at org.apache.coyote.AbstractProtocol$ConnectionHandler.process(AbstractProtocol.java:836) [tomcat-embed-core-9.0.19.jar:9.0.19]
	at org.apache.tomcat.util.net.NioEndpoint$SocketProcessor.doRun(NioEndpoint.java:1747) [tomcat-embed-core-9.0.19.jar:9.0.19]
	at org.apache.tomcat.util.net.SocketProcessorBase.run(SocketProcessorBase.java:49) [tomcat-embed-core-9.0.19.jar:9.0.19]
	at java.util.concurrent.ThreadPoolExecutor.runWorker(ThreadPoolExecutor.java:1149) [na:1.8.0_171]
	at java.util.concurrent.ThreadPoolExecutor$Worker.run(ThreadPoolExecutor.java:624) [na:1.8.0_171]
	at org.apache.tomcat.util.threads.TaskThread$WrappingRunnable.run(TaskThread.java:61) [tomcat-embed-core-9.0.19.jar:9.0.19]
	at java.lang.Thread.run(Thread.java:748) [na:1.8.0_171]

2019-05-22 20:28:13.767  INFO 16208 --- [main] c.m.n.NumberConverterApiApplication      : Starting NumberConverterApiApplication on MARCUSFODA with PID 16208 (E:\Desenvolvimento\Backend\number-converter-api\target\classes started by Marcus in E:\Desenvolvimento\Backend\number-converter-api)
2019-05-22 20:28:13.769  INFO 16208 --- [main] c.m.n.NumberConverterApiApplication      : No active profile set, falling back to default profiles: default
2019-05-22 20:28:14.942  INFO 16208 --- [main] o.s.b.w.embedded.tomcat.TomcatWebServer  : Tomcat initialized with port(s): 8080 (http)
2019-05-22 20:28:14.964  INFO 16208 --- [main] o.apache.catalina.core.StandardService   : Starting service [Tomcat]
2019-05-22 20:28:14.964  INFO 16208 --- [main] org.apache.catalina.core.StandardEngine  : Starting Servlet engine: [Apache Tomcat/9.0.19]
2019-05-22 20:28:15.062  INFO 16208 --- [main] o.a.c.c.C.[Tomcat].[localhost].[/]       : Initializing Spring embedded WebApplicationContext
2019-05-22 20:28:15.062  INFO 16208 --- [main] o.s.web.context.ContextLoader            : Root WebApplicationContext: initialization completed in 1258 ms
2019-05-22 20:28:15.237  INFO 16208 --- [main] o.s.s.concurrent.ThreadPoolTaskExecutor  : Initializing ExecutorService 'applicationTaskExecutor'
2019-05-22 20:28:15.382  INFO 16208 --- [main] o.s.b.w.embedded.tomcat.TomcatWebServer  : Tomcat started on port(s): 8080 (http) with context path ''
2019-05-22 20:28:15.385  INFO 16208 --- [main] c.m.n.NumberConverterApiApplication      : Started NumberConverterApiApplication in 1.906 seconds (JVM running for 2.52)
2019-05-22 20:28:19.662  INFO 16208 --- [http-nio-8080-exec-1] o.a.c.c.C.[Tomcat].[localhost].[/]       : Initializing Spring DispatcherServlet 'dispatcherServlet'
2019-05-22 20:28:19.665  INFO 16208 --- [http-nio-8080-exec-1] o.s.web.servlet.DispatcherServlet        : Initializing Servlet 'dispatcherServlet'
2019-05-22 20:28:19.673  INFO 16208 --- [http-nio-8080-exec-1] o.s.web.servlet.DispatcherServlet        : Completed initialization in 8 ms
2019-05-22 20:28:19.771  INFO 16208 --- [http-nio-8080-exec-1] m.n.s.HexadecimalToRomanConverterService : Converted HEXADECIMAL value 170 to roman numeral CLXX
2019-05-22 20:34:26.576  INFO 7616 --- [main] c.m.n.NumberConverterApiApplication      : Starting NumberConverterApiApplication on MARCUSFODA with PID 7616 (E:\Desenvolvimento\Backend\number-converter-api\target\classes started by Marcus in E:\Desenvolvimento\Backend\number-converter-api)
2019-05-22 20:34:26.578  INFO 7616 --- [main] c.m.n.NumberConverterApiApplication      : No active profile set, falling back to default profiles: default
2019-05-22 20:34:27.826  INFO 7616 --- [main] o.s.b.w.embedded.tomcat.TomcatWebServer  : Tomcat initialized with port(s): 8080 (http)
2019-05-22 20:34:27.845  INFO 7616 --- [main] o.apache.catalina.core.StandardService   : Starting service [Tomcat]
2019-05-22 20:34:27.845  INFO 7616 --- [main] org.apache.catalina.core.StandardEngine  : Starting Servlet engine: [Apache Tomcat/9.0.19]
2019-05-22 20:34:27.929  INFO 7616 --- [main] o.a.c.c.C.[Tomcat].[localhost].[/]       : Initializing Spring embedded WebApplicationContext
2019-05-22 20:34:27.929  INFO 7616 --- [main] o.s.web.context.ContextLoader            : Root WebApplicationContext: initialization completed in 1315 ms
2019-05-22 20:34:28.130  INFO 7616 --- [main] o.s.s.concurrent.ThreadPoolTaskExecutor  : Initializing ExecutorService 'applicationTaskExecutor'
2019-05-22 20:34:28.277  INFO 7616 --- [main] o.s.b.w.embedded.tomcat.TomcatWebServer  : Tomcat started on port(s): 8080 (http) with context path ''
2019-05-22 20:34:28.280  INFO 7616 --- [main] c.m.n.NumberConverterApiApplication      : Started NumberConverterApiApplication in 2.009 seconds (JVM running for 2.642)
